<?xml version="1.0" encoding="UTF-8"?>
<!-- Generated by org.testng.reporters.JUnitReportReporter -->
<testsuite hostname="MSI" failures="1" tests="5" name="cucumberOptions.TestNGTestRunner" time="60.477" errors="0" timestamp="2024-01-09T10:50:43 MST" skipped="0">
  <testcase classname="cucumberOptions.TestNGTestRunner" name="runScenario" time="12.352"/>
  <testcase classname="cucumberOptions.TestNGTestRunner" name="runScenario" time="11.822"/>
  <testcase classname="cucumberOptions.TestNGTestRunner" name="runScenario" time="12.197">
    <failure message="expected [Beetroot] but found [No data]" type="java.lang.AssertionError">
      <![CDATA[java.lang.AssertionError: expected [Beetroot] but found [No data]
at org.testng.Assert.fail(Assert.java:111)
at org.testng.Assert.failNotEquals(Assert.java:1578)
at org.testng.Assert.assertEqualsImpl(Assert.java:150)
at org.testng.Assert.assertEquals(Assert.java:132)
at org.testng.Assert.assertEquals(Assert.java:656)
at org.testng.Assert.assertEquals(Assert.java:666)
at stepDefinitions.OfferPageStepDefinition.validate_product_name_in_offers_page(OfferPageStepDefinition.java:42)
at âœ½.validate product name on landing page and home page match(file:///E:/java/eclipse-workspace/CucumberFramework/src/test/java/features/searchProduct.feature:8)
]]>
    </failure>
  </testcase> <!-- runScenario -->
  <testcase classname="cucumberOptions.TestNGTestRunner" name="runScenario" time="11.489"/>
  <testcase classname="cucumberOptions.TestNGTestRunner" name="runScenario" time="12.617"/>
</testsuite> <!-- cucumberOptions.TestNGTestRunner -->
